Determining if the pthread_create exist failed with the following output:
Change Dir: /home/lunakiraizarus/Projects/c++/Intranet/CMakeFiles/CMakeTmp

Run Build Command:"/usr/bin/make" "cmTC_09f70/fast"
/usr/bin/make -f CMakeFiles/cmTC_09f70.dir/build.make CMakeFiles/cmTC_09f70.dir/build
make[1]: Entering directory '/home/lunakiraizarus/Projects/c++/Intranet/CMakeFiles/CMakeTmp'
Building C object CMakeFiles/cmTC_09f70.dir/CheckSymbolExists.c.o
/usr/bin/cc    -o CMakeFiles/cmTC_09f70.dir/CheckSymbolExists.c.o   -c /home/lunakiraizarus/Projects/c++/Intranet/CMakeFiles/CMakeTmp/CheckSymbolExists.c
Linking C executable cmTC_09f70
/usr/bin/cmake -E cmake_link_script CMakeFiles/cmTC_09f70.dir/link.txt --verbose=1
/usr/bin/cc      -rdynamic CMakeFiles/cmTC_09f70.dir/CheckSymbolExists.c.o  -o cmTC_09f70 
CMakeFiles/cmTC_09f70.dir/CheckSymbolExists.c.o: In function `main':
CheckSymbolExists.c:(.text+0x1b): undefined reference to `pthread_create'
collect2: error: ld returned 1 exit status
make[1]: *** [CMakeFiles/cmTC_09f70.dir/build.make:98: cmTC_09f70] Error 1
make[1]: Leaving directory '/home/lunakiraizarus/Projects/c++/Intranet/CMakeFiles/CMakeTmp'
make: *** [Makefile:126: cmTC_09f70/fast] Error 2

File /home/lunakiraizarus/Projects/c++/Intranet/CMakeFiles/CMakeTmp/CheckSymbolExists.c:
/* */
#include <pthread.h>

int main(int argc, char** argv)
{
  (void)argv;
#ifndef pthread_create
  return ((int*)(&pthread_create))[argc];
#else
  (void)argc;
  return 0;
#endif
}

Determining if the function pthread_create exists in the pthreads failed with the following output:
Change Dir: /home/lunakiraizarus/Projects/c++/Intranet/CMakeFiles/CMakeTmp

Run Build Command:"/usr/bin/make" "cmTC_e6628/fast"
/usr/bin/make -f CMakeFiles/cmTC_e6628.dir/build.make CMakeFiles/cmTC_e6628.dir/build
make[1]: Entering directory '/home/lunakiraizarus/Projects/c++/Intranet/CMakeFiles/CMakeTmp'
Building C object CMakeFiles/cmTC_e6628.dir/CheckFunctionExists.c.o
/usr/bin/cc   -DCHECK_FUNCTION_EXISTS=pthread_create   -o CMakeFiles/cmTC_e6628.dir/CheckFunctionExists.c.o   -c /usr/share/cmake-3.9/Modules/CheckFunctionExists.c
Linking C executable cmTC_e6628
/usr/bin/cmake -E cmake_link_script CMakeFiles/cmTC_e6628.dir/link.txt --verbose=1
/usr/bin/cc  -DCHECK_FUNCTION_EXISTS=pthread_create    -rdynamic CMakeFiles/cmTC_e6628.dir/CheckFunctionExists.c.o  -o cmTC_e6628 -lpthreads 
/usr/bin/ld: cannot find -lpthreads
collect2: error: ld returned 1 exit status
make[1]: *** [CMakeFiles/cmTC_e6628.dir/build.make:98: cmTC_e6628] Error 1
make[1]: Leaving directory '/home/lunakiraizarus/Projects/c++/Intranet/CMakeFiles/CMakeTmp'
make: *** [Makefile:126: cmTC_e6628/fast] Error 2


Determining if the pthread_create exist failed with the following output:
Change Dir: /home/chilly/Projects/cpp/Intranet/CMakeFiles/CMakeTmp

Run Build Command:"/usr/bin/make" "cmTC_36698/fast"
/usr/bin/make -f CMakeFiles/cmTC_36698.dir/build.make CMakeFiles/cmTC_36698.dir/build
make[1]: Entering directory '/home/chilly/Projects/cpp/Intranet/CMakeFiles/CMakeTmp'
Building C object CMakeFiles/cmTC_36698.dir/CheckSymbolExists.c.o
/usr/bin/cc    -o CMakeFiles/cmTC_36698.dir/CheckSymbolExists.c.o   -c /home/chilly/Projects/cpp/Intranet/CMakeFiles/CMakeTmp/CheckSymbolExists.c
Linking C executable cmTC_36698
/usr/bin/cmake -E cmake_link_script CMakeFiles/cmTC_36698.dir/link.txt --verbose=1
/usr/bin/cc      -rdynamic CMakeFiles/cmTC_36698.dir/CheckSymbolExists.c.o  -o cmTC_36698 
CMakeFiles/cmTC_36698.dir/CheckSymbolExists.c.o: In function `main':
CheckSymbolExists.c:(.text+0x1b): undefined reference to `pthread_create'
collect2: error: ld returned 1 exit status
make[1]: *** [CMakeFiles/cmTC_36698.dir/build.make:98: cmTC_36698] Error 1
make[1]: Leaving directory '/home/chilly/Projects/cpp/Intranet/CMakeFiles/CMakeTmp'
make: *** [Makefile:126: cmTC_36698/fast] Error 2

File /home/chilly/Projects/cpp/Intranet/CMakeFiles/CMakeTmp/CheckSymbolExists.c:
/* */
#include <pthread.h>

int main(int argc, char** argv)
{
  (void)argv;
#ifndef pthread_create
  return ((int*)(&pthread_create))[argc];
#else
  (void)argc;
  return 0;
#endif
}

Determining if the function pthread_create exists in the pthreads failed with the following output:
Change Dir: /home/chilly/Projects/cpp/Intranet/CMakeFiles/CMakeTmp

Run Build Command:"/usr/bin/make" "cmTC_5ee9a/fast"
/usr/bin/make -f CMakeFiles/cmTC_5ee9a.dir/build.make CMakeFiles/cmTC_5ee9a.dir/build
make[1]: Entering directory '/home/chilly/Projects/cpp/Intranet/CMakeFiles/CMakeTmp'
Building C object CMakeFiles/cmTC_5ee9a.dir/CheckFunctionExists.c.o
/usr/bin/cc   -DCHECK_FUNCTION_EXISTS=pthread_create   -o CMakeFiles/cmTC_5ee9a.dir/CheckFunctionExists.c.o   -c /usr/share/cmake-3.9/Modules/CheckFunctionExists.c
Linking C executable cmTC_5ee9a
/usr/bin/cmake -E cmake_link_script CMakeFiles/cmTC_5ee9a.dir/link.txt --verbose=1
/usr/bin/cc  -DCHECK_FUNCTION_EXISTS=pthread_create    -rdynamic CMakeFiles/cmTC_5ee9a.dir/CheckFunctionExists.c.o  -o cmTC_5ee9a -lpthreads 
/usr/bin/ld: cannot find -lpthreads
collect2: error: ld returned 1 exit status
make[1]: *** [CMakeFiles/cmTC_5ee9a.dir/build.make:98: cmTC_5ee9a] Error 1
make[1]: Leaving directory '/home/chilly/Projects/cpp/Intranet/CMakeFiles/CMakeTmp'
make: *** [Makefile:126: cmTC_5ee9a/fast] Error 2


